readerViewPager/build/outputs/logs/manifest-merger-debug-report.txt
-- Merging decision tree log ---
manifest
ADDED from src\main\AndroidManifest.xml:2:1-36:12
	package
		ADDED from src\main\AndroidManifest.xml:3:5-41
		INJECTED from src\main\AndroidManifest.xml
		INJECTED from src\main\AndroidManifest.xml
	android:versionName
		ADDED from src\main\AndroidManifest.xml:5:5-30
		INJECTED from src\main\AndroidManifest.xml
		INJECTED from src\main\AndroidManifest.xml
	android:versionCode
		ADDED from src\main\AndroidManifest.xml:4:5-28
		INJECTED from src\main\AndroidManifest.xml
		INJECTED from src\main\AndroidManifest.xml
	xmlns:android
		ADDED from src\main\AndroidManifest.xml:2:11-69
uses-sdk
ADDED from src\main\AndroidManifest.xml:7:5-9:41
MERGED from [com.github.mtjsoft:HHBaseUtils:v1.0.4] AndroidManifest.xml:7:5-9:41
MERGED from [com.android.support:support-v4:23.4.0] AndroidManifest.xml:20:5-43
MERGED from [com.android.support:appcompat-v7:23.4.0] AndroidManifest.xml:21:5-23:78
MERGED from [com.android.support:animated-vector-drawable:23.4.0] AndroidManifest.xml:5:5-44
MERGED from [com.android.support:support-vector-drawable:23.4.0] AndroidManifest.xml:5:5-43
MERGED from [com.android.support:design:23.4.0] AndroidManifest.xml:20:5-43
MERGED from [com.android.support:recyclerview-v7:23.4.0] AndroidManifest.xml:20:5-43
	tools:overrideLibrary
		ADDED from [com.android.support:appcompat-v7:23.4.0] AndroidManifest.xml:23:9-75
	android:targetSdkVersion
		ADDED from src\main\AndroidManifest.xml:9:9-38
		INJECTED from src\main\AndroidManifest.xml
		INJECTED from src\main\AndroidManifest.xml
	android:minSdkVersion
		ADDED from src\main\AndroidManifest.xml:8:9-35
		INJECTED from src\main\AndroidManifest.xml
		INJECTED from src\main\AndroidManifest.xml
uses-permission#android.permission.READ_EXTERNAL_STORAGE
ADDED from src\main\AndroidManifest.xml:11:5-80
	android:name
		ADDED from src\main\AndroidManifest.xml:11:22-77
uses-permission#android.permission.WRITE_EXTERNAL_STORAGE
ADDED from src\main\AndroidManifest.xml:12:5-81
MERGED from [com.github.mtjsoft:HHBaseUtils:v1.0.4] AndroidManifest.xml:14:5-81
	android:name
		ADDED from src\main\AndroidManifest.xml:12:22-78
application
ADDED from src\main\AndroidManifest.xml:14:5-34:19
MERGED from [com.github.mtjsoft:HHBaseUtils:v1.0.4] AndroidManifest.xml:19:5-44:19
MERGED from [com.android.support:support-v4:23.4.0] AndroidManifest.xml:22:5-20
MERGED from [com.android.support:appcompat-v7:23.4.0] AndroidManifest.xml:25:5-20
MERGED from [com.android.support:animated-vector-drawable:23.4.0] AndroidManifest.xml:7:5-20
MERGED from [com.android.support:support-vector-drawable:23.4.0] AndroidManifest.xml:7:5-20
MERGED from [com.android.support:design:23.4.0] AndroidManifest.xml:22:5-20
	android:label
		ADDED from src\main\AndroidManifest.xml:18:9-41
	android:allowBackup
		ADDED from src\main\AndroidManifest.xml:16:9-35
	android:icon
		ADDED from src\main\AndroidManifest.xml:17:9-45
	android:theme
		ADDED from src\main\AndroidManifest.xml:19:9-43
	android:name
		ADDED from src\main\AndroidManifest.xml:15:9-72
activity#com.huahan.readerviewpager.ChooseKeMuActivity
ADDED from src\main\AndroidManifest.xml:20:9-28:20
	android:label
		ADDED from src\main\AndroidManifest.xml:22:13-45
	android:name
		ADDED from src\main\AndroidManifest.xml:21:13-73
intent-filter#android.intent.action.MAIN+android.intent.category.LAUNCHER
ADDED from src\main\AndroidManifest.xml:23:13-27:29
action#android.intent.action.MAIN
ADDED from src\main\AndroidManifest.xml:24:17-69
	android:name
		ADDED from src\main\AndroidManifest.xml:24:25-66
category#android.intent.category.LAUNCHER
ADDED from src\main\AndroidManifest.xml:26:17-77
	android:name
		ADDED from src\main\AndroidManifest.xml:26:27-74
activity#com.huahan.readerviewpager.AnswerActivity
ADDED from src\main\AndroidManifest.xml:29:9-33:20
	android:label
		ADDED from src\main\AndroidManifest.xml:32:13-45
	android:windowSoftInputMode
		ADDED from src\main\AndroidManifest.xml:31:13-73
	android:name
		ADDED from src\main\AndroidManifest.xml:30:13-69
uses-permission#com.android.launcher3.permission.READ_SETTINGS
ADDED from [com.github.mtjsoft:HHBaseUtils:v1.0.4] AndroidManifest.xml:11:5-86
	android:name
		ADDED from [com.github.mtjsoft:HHBaseUtils:v1.0.4] AndroidManifest.xml:11:22-83
uses-permission#com.android.launcher3.permission.WRITE_SETTINGS
ADDED from [com.github.mtjsoft:HHBaseUtils:v1.0.4] AndroidManifest.xml:12:5-87
	android:name
		ADDED from [com.github.mtjsoft:HHBaseUtils:v1.0.4] AndroidManifest.xml:12:22-84
uses-permission#android.permission.INTERNET
ADDED from [com.github.mtjsoft:HHBaseUtils:v1.0.4] AndroidManifest.xml:13:5-67
	android:name
		ADDED from [com.github.mtjsoft:HHBaseUtils:v1.0.4] AndroidManifest.xml:13:22-64
uses-permission#android.permission.ACCESS_WIFI_STATE
ADDED from [com.github.mtjsoft:HHBaseUtils:v1.0.4] AndroidManifest.xml:15:5-76
	android:name
		ADDED from [com.github.mtjsoft:HHBaseUtils:v1.0.4] AndroidManifest.xml:15:22-73
uses-permission#android.permission.ACCESS_NETWORK_STATE
ADDED from [com.github.mtjsoft:HHBaseUtils:v1.0.4] AndroidManifest.xml:16:5-79
	android:name
		ADDED from [com.github.mtjsoft:HHBaseUtils:v1.0.4] AndroidManifest.xml:16:22-76
uses-permission#android.permission.READ_PHONE_STATE
ADDED from [com.github.mtjsoft:HHBaseUtils:v1.0.4] AndroidManifest.xml:17:5-75
	android:name
		ADDED from [com.github.mtjsoft:HHBaseUtils:v1.0.4] AndroidManifest.xml:17:22-72
uses-library#android.test.runner
ADDED from [com.github.mtjsoft:HHBaseUtils:v1.0.4] AndroidManifest.xml:20:9-60
	android:name
		ADDED from [com.github.mtjsoft:HHBaseUtils:v1.0.4] AndroidManifest.xml:20:23-57
activity#com.huahan.hhbaseutils.ui.HHBaseChatActivity
ADDED from [com.github.mtjsoft:HHBaseUtils:v1.0.4] AndroidManifest.xml:22:9-25:20
	android:label
		ADDED from [com.github.mtjsoft:HHBaseUtils:v1.0.4] AndroidManifest.xml:24:13-45
	android:name
		ADDED from [com.github.mtjsoft:HHBaseUtils:v1.0.4] AndroidManifest.xml:23:13-72
activity#com.huahan.hhbaseutils.ui.HHSelectPhotoActivity
ADDED from [com.github.mtjsoft:HHBaseUtils:v1.0.4] AndroidManifest.xml:26:9-29:20
	android:label
		ADDED from [com.github.mtjsoft:HHBaseUtils:v1.0.4] AndroidManifest.xml:28:13-45
	android:name
		ADDED from [com.github.mtjsoft:HHBaseUtils:v1.0.4] AndroidManifest.xml:27:13-75
service#com.baidu.location.f
ADDED from [com.github.mtjsoft:HHBaseUtils:v1.0.4] AndroidManifest.xml:31:9-39:19
	android:enabled
		ADDED from [com.github.mtjsoft:HHBaseUtils:v1.0.4] AndroidManifest.xml:33:13-35
	android:process
		ADDED from [com.github.mtjsoft:HHBaseUtils:v1.0.4] AndroidManifest.xml:34:13-38
	android:name
		ADDED from [com.github.mtjsoft:HHBaseUtils:v1.0.4] AndroidManifest.xml:32:13-48
intent-filter#com.baidu.location.service_v2.2
ADDED from [com.github.mtjsoft:HHBaseUtils:v1.0.4] AndroidManifest.xml:35:13-38:29
action#com.baidu.location.service_v2.2
ADDED from [com.github.mtjsoft:HHBaseUtils:v1.0.4] AndroidManifest.xml:36:17-37:26
	android:name
		ADDED from [com.github.mtjsoft:HHBaseUtils:v1.0.4] AndroidManifest.xml:36:25-71
meta-data#com.baidu.lbsapi.API_KEY
ADDED from [com.github.mtjsoft:HHBaseUtils:v1.0.4] AndroidManifest.xml:41:9-43:37
	android:value
		ADDED from [com.github.mtjsoft:HHBaseUtils:v1.0.4] AndroidManifest.xml:43:13-34
	android:name
		ADDED from [com.github.mtjsoft:HHBaseUtils:v1.0.4] AndroidManifest.xml:42:13-52